  ConsoleApplication7.cpp
C:\Users\Astorkpo\source\repos\ConsoleApplication7\ConsoleApplication7\ConsoleApplication7.cpp(55,12): warning C4244: 'argumento': conversión de 'time_t' a 'unsigned int'; posible pérdida de datos
C:\Users\Astorkpo\source\repos\ConsoleApplication7\ConsoleApplication7\ConsoleApplication7.cpp(60,2): warning C4996: '_sleep': This function or variable has been superceded by newer library or operating system functionality. Consider using Sleep instead. See online help for details.
C:\Users\Astorkpo\source\repos\ConsoleApplication7\ConsoleApplication7\ConsoleApplication7.cpp(62,2): warning C4996: '_sleep': This function or variable has been superceded by newer library or operating system functionality. Consider using Sleep instead. See online help for details.
C:\Users\Astorkpo\source\repos\ConsoleApplication7\ConsoleApplication7\ConsoleApplication7.cpp(64,2): warning C4996: '_sleep': This function or variable has been superceded by newer library or operating system functionality. Consider using Sleep instead. See online help for details.
C:\Users\Astorkpo\source\repos\ConsoleApplication7\ConsoleApplication7\ConsoleApplication7.cpp(108,7): warning C4553: "==": el resultado de la expresión no se usa. ¿Quiso decir "="?
C:\Users\Astorkpo\source\repos\ConsoleApplication7\ConsoleApplication7\ConsoleApplication7.cpp(110,28): warning C4553: "==": el resultado de la expresión no se usa. ¿Quiso decir "="?
C:\Users\Astorkpo\source\repos\ConsoleApplication7\ConsoleApplication7\ConsoleApplication7.cpp(111,28): warning C4553: "==": el resultado de la expresión no se usa. ¿Quiso decir "="?
C:\Users\Astorkpo\source\repos\ConsoleApplication7\ConsoleApplication7\ConsoleApplication7.cpp(112,28): warning C4553: "==": el resultado de la expresión no se usa. ¿Quiso decir "="?
C:\Users\Astorkpo\source\repos\ConsoleApplication7\ConsoleApplication7\ConsoleApplication7.cpp(113,28): warning C4553: "==": el resultado de la expresión no se usa. ¿Quiso decir "="?
C:\Users\Astorkpo\source\repos\ConsoleApplication7\ConsoleApplication7\ConsoleApplication7.cpp(114,28): warning C4553: "==": el resultado de la expresión no se usa. ¿Quiso decir "="?
C:\Users\Astorkpo\source\repos\ConsoleApplication7\ConsoleApplication7\ConsoleApplication7.cpp(153,6): warning C4553: "==": el resultado de la expresión no se usa. ¿Quiso decir "="?
C:\Users\Astorkpo\source\repos\ConsoleApplication7\ConsoleApplication7\ConsoleApplication7.cpp(155,27): warning C4553: "==": el resultado de la expresión no se usa. ¿Quiso decir "="?
C:\Users\Astorkpo\source\repos\ConsoleApplication7\ConsoleApplication7\ConsoleApplication7.cpp(156,27): warning C4553: "==": el resultado de la expresión no se usa. ¿Quiso decir "="?
C:\Users\Astorkpo\source\repos\ConsoleApplication7\ConsoleApplication7\ConsoleApplication7.cpp(157,27): warning C4553: "==": el resultado de la expresión no se usa. ¿Quiso decir "="?
C:\Users\Astorkpo\source\repos\ConsoleApplication7\ConsoleApplication7\ConsoleApplication7.cpp(158,27): warning C4553: "==": el resultado de la expresión no se usa. ¿Quiso decir "="?
C:\Users\Astorkpo\source\repos\ConsoleApplication7\ConsoleApplication7\ConsoleApplication7.cpp(159,27): warning C4553: "==": el resultado de la expresión no se usa. ¿Quiso decir "="?
  .NETFramework,Version=v4.8.1.AssemblyAttributes.cpp
  AssemblyInfo.obj : se encontró un módulo MSIL; vinculación incremental deshabilitada para MSIL; ejecutando vínculo completo
  ConsoleApplication7.vcxproj -> C:\Users\Astorkpo\source\repos\ConsoleApplication7\x64\Debug\ConsoleApplication7.exe
